<?xml version="1.0" encoding="UTF-8"?>
<!-- Generated by org.testng.reporters.JUnitReportReporter -->
<testsuite hostname="DESKTOP-FM6RPM7" failures="0" tests="4" name="TestNG.GroupingExample" time="0.017" errors="0" timestamp="2022-03-04T23:52:03 IST" skipped="0">
  <testcase classname="TestNG.GroupingExample" name="Moto2" time="0.002"/>
  <system-out/>
  <testcase classname="TestNG.GroupingExample" name="Vivo2" time="0.002"/>
  <system-out/>
  <testcase classname="TestNG.GroupingExample" name="Moto1" time="0.012"/>
  <system-out/>
  <testcase classname="TestNG.GroupingExample" name="Vivo1" time="0.001"/>
  <system-out/>
</testsuite> <!-- TestNG.GroupingExample -->
