<?xml version="1.0" encoding="UTF-8"?>
<!-- Generated by org.testng.reporters.JUnitReportReporter -->
<testsuite hostname="DESKTOP-FM6RPM7" failures="0" tests="1" name="DataDrivenLoginTestCase.CorrectPassword" time="11.813" errors="0" timestamp="2022-03-07T12:11:32 IST" skipped="0">
  <testcase classname="DataDrivenLoginTestCase.CorrectPassword" name="LoginwithCorrectPassword" time="11.813"/>
  <system-out/>
</testsuite> <!-- DataDrivenLoginTestCase.CorrectPassword -->
