<?xml version="1.0" encoding="UTF-8"?>
<!-- Generated by org.testng.reporters.JUnitReportReporter -->
<testsuite hostname="DESKTOP-FM6RPM7" failures="0" tests="3" name="TestNG.sample2" time="0.009" errors="0" timestamp="2022-03-04T21:24:06 IST" skipped="0">
  <testcase classname="TestNG.sample2" name="Highseconsdary" time="0.002"/>
  <system-out/>
  <testcase classname="TestNG.sample2" name="Highschool" time="0.002"/>
  <system-out/>
  <testcase classname="TestNG.sample2" name="Engineering" time="0.005"/>
  <system-out/>
</testsuite> <!-- TestNG.sample2 -->
