<?xml version="1.0" encoding="UTF-8"?>
<!-- Generated by org.testng.reporters.JUnitReportReporter -->
<testsuite hostname="DESKTOP-FM6RPM7" failures="0" tests="4" name="TestLeaf.TestNG" time="0.029" errors="0" timestamp="2022-03-04T06:50:18 IST" skipped="0">
  <testcase classname="TestLeaf.TestNG" name="secondTtestCase" time="0.004"/>
  <system-out/>
  <testcase classname="TestLeaf.TestNG" name="fourthTtestCase" time="0.005"/>
  <system-out/>
  <testcase classname="TestLeaf.TestNG" name="thirdTtestCase" time="0.006"/>
  <system-out/>
  <testcase classname="TestLeaf.TestNG" name="firsTtestCase" time="0.014"/>
  <system-out/>
</testsuite> <!-- TestLeaf.TestNG -->
