<?xml version="1.0" encoding="UTF-8"?>
<!-- Generated by org.testng.reporters.JUnitReportReporter -->
<testsuite hostname="DESKTOP-FM6RPM7" failures="0" tests="1" name="TestNG.ParameterizationExample" time="0.014" errors="0" timestamp="2022-03-05T00:02:47 IST" skipped="0">
  <testcase classname="TestNG.ParameterizationExample" name="printname" time="0.014"/>
  <system-out/>
</testsuite> <!-- TestNG.ParameterizationExample -->
