<?xml version="1.0" encoding="UTF-8"?>
<!-- Generated by org.testng.reporters.JUnitReportReporter -->
<testsuite hostname="DESKTOP-FM6RPM7" failures="0" tests="2" name="TestNG.AnnotationsHierachyexample" time="0.030" errors="0" timestamp="2022-03-05T01:17:59 IST" skipped="0">
  <testcase classname="TestNG.AnnotationsHierachyexample" name="test" time="0.023"/>
  <system-out/>
  <testcase classname="TestNG.AnnotationsHierachyexample" name="test2" time="0.007"/>
  <system-out/>
</testsuite> <!-- TestNG.AnnotationsHierachyexample -->
