<?xml version="1.0" encoding="UTF-8"?>
<!-- Generated by org.testng.reporters.JUnitReportReporter -->
<testsuite hostname="DESKTOP-FM6RPM7" failures="0" tests="2" name="TestNG.ParallelTesting" time="14.313" errors="0" timestamp="2022-03-14T13:43:56 IST" skipped="0">
  <testcase classname="TestNG.ParallelTesting" name="OpenGoogle" time="7.781"/>
  <system-out/>
  <testcase classname="TestNG.ParallelTesting" name="OpenBing" time="6.532"/>
  <system-out/>
</testsuite> <!-- TestNG.ParallelTesting -->
