<?xml version="1.0" encoding="UTF-8"?>
<!-- Generated by org.testng.reporters.JUnitReportReporter -->
<testsuite hostname="DESKTOP-FM6RPM7" failures="0" tests="1" name="DataDrivenLoginTestCase.BothIncorrect" time="12.437" errors="0" timestamp="2022-03-07T12:11:32 IST" skipped="0">
  <testcase classname="DataDrivenLoginTestCase.BothIncorrect" name="LoginwithBothIncorrect" time="12.437"/>
  <system-out/>
</testsuite> <!-- DataDrivenLoginTestCase.BothIncorrect -->
