<?xml version="1.0" encoding="UTF-8"?>
<!-- Generated by org.testng.reporters.JUnitReportReporter -->
<testsuite hostname="DESKTOP-FM6RPM7" failures="0" tests="4" name="TestNG.SampleTestNG" time="0.022" errors="0" timestamp="2022-03-14T13:44:29 IST" skipped="0">
  <testcase classname="TestNG.SampleTestNG" name="firsTtestCase" time="0.012"/>
  <system-out/>
  <testcase classname="TestNG.SampleTestNG" name="secondTtestCase" time="0.002"/>
  <system-out/>
  <testcase classname="TestNG.SampleTestNG" name="thirdTtestCase" time="0.004"/>
  <system-out/>
  <testcase classname="TestNG.SampleTestNG" name="fourthTtestCase" time="0.004"/>
  <system-out/>
</testsuite> <!-- TestNG.SampleTestNG -->
