<?xml version="1.0" encoding="UTF-8"?>
<!-- Generated by org.testng.reporters.JUnitReportReporter -->
<testsuite hostname="DESKTOP-FM6RPM7" failures="0" tests="1" name="TestNG.AssertionsExample" time="0.035" errors="0" timestamp="2022-03-05T01:27:08 IST" skipped="0">
  <testcase classname="TestNG.AssertionsExample" name="checkequal" time="0.035"/>
  <system-out/>
</testsuite> <!-- TestNG.AssertionsExample -->
