<?xml version="1.0" encoding="UTF-8"?>
<!-- Generated by org.testng.reporters.JUnitReportReporter -->
<testsuite hostname="DESKTOP-FM6RPM7" failures="0" tests="3" name="TestNG.Sample3" time="2.163" errors="0" timestamp="2022-03-14T13:45:13 IST" skipped="0">
  <testcase classname="TestNG.Sample3" name="openGoogle" time="0.759"/>
  <system-out/>
  <testcase classname="TestNG.Sample3" name="openBing" time="0.532"/>
  <system-out/>
  <testcase classname="TestNG.Sample3" name="openYahoo" time="0.872"/>
  <system-out/>
</testsuite> <!-- TestNG.Sample3 -->
