<?xml version="1.0" encoding="UTF-8"?>
<!-- Generated by org.testng.reporters.JUnitReportReporter -->
<testsuite hostname="DESKTOP-FM6RPM7" failures="0" tests="1" name="DataDrivenLoginTestCase.CorrectUserName" time="9.752" errors="0" timestamp="2022-03-07T12:11:32 IST" skipped="0">
  <testcase classname="DataDrivenLoginTestCase.CorrectUserName" name="LoginwithCorrectUsername" time="9.752"/>
  <system-out/>
</testsuite> <!-- DataDrivenLoginTestCase.CorrectUserName -->
